0 info it worked if it ends with ok
1 verbose cli [ '/usr/local/bin/node', '/usr/local/bin/npm', 'run', 'test' ]
2 info using npm@3.9.5
3 info using node@v6.2.2
4 verbose run-script [ 'pretest', 'test', 'posttest' ]
5 info lifecycle dota-interactive-map@0.2.0~pretest: dota-interactive-map@0.2.0
6 silly lifecycle dota-interactive-map@0.2.0~pretest: no script for pretest, continuing
7 info lifecycle dota-interactive-map@0.2.0~test: dota-interactive-map@0.2.0
8 verbose lifecycle dota-interactive-map@0.2.0~test: unsafe-perm in lifecycle true
9 verbose lifecycle dota-interactive-map@0.2.0~test: PATH: /usr/local/lib/node_modules/npm/bin/node-gyp-bin:/srv/www/dev.devilesk.com/dota2/apps/dota-interactive-map/node_modules/.bin:/usr/local/bin:/root/local/bin:/usr/local/sbin:/usr/local/bin:/usr/sbin:/usr/bin:/sbin:/bin:/usr/games
10 verbose lifecycle dota-interactive-map@0.2.0~test: CWD: /srv/www/dev.devilesk.com/dota2/apps/dota-interactive-map
11 silly lifecycle dota-interactive-map@0.2.0~test: Args: [ '-c', 'echo "Error: no test specified" && exit 1' ]
12 silly lifecycle dota-interactive-map@0.2.0~test: Returned: code: 1  signal: null
13 info lifecycle dota-interactive-map@0.2.0~test: Failed to exec test script
14 verbose stack Error: dota-interactive-map@0.2.0 test: `echo "Error: no test specified" && exit 1`
14 verbose stack Exit status 1
14 verbose stack     at EventEmitter.<anonymous> (/usr/local/lib/node_modules/npm/lib/utils/lifecycle.js:245:16)
14 verbose stack     at emitTwo (events.js:106:13)
14 verbose stack     at EventEmitter.emit (events.js:191:7)
14 verbose stack     at ChildProcess.<anonymous> (/usr/local/lib/node_modules/npm/lib/utils/spawn.js:24:14)
14 verbose stack     at emitTwo (events.js:106:13)
14 verbose stack     at ChildProcess.emit (events.js:191:7)
14 verbose stack     at maybeClose (internal/child_process.js:852:16)
14 verbose stack     at Process.ChildProcess._handle.onexit (internal/child_process.js:215:5)
15 verbose pkgid dota-interactive-map@0.2.0
16 verbose cwd /srv/www/dev.devilesk.com/dota2/apps/dota-interactive-map
17 error Linux 3.8.0-29-generic
18 error argv "/usr/local/bin/node" "/usr/local/bin/npm" "run" "test"
19 error node v6.2.2
20 error npm  v3.9.5
21 error code ELIFECYCLE
22 error dota-interactive-map@0.2.0 test: `echo "Error: no test specified" && exit 1`
22 error Exit status 1
23 error Failed at the dota-interactive-map@0.2.0 test script 'echo "Error: no test specified" && exit 1'.
23 error Make sure you have the latest version of node.js and npm installed.
23 error If you do, this is most likely a problem with the dota-interactive-map package,
23 error not with npm itself.
23 error Tell the author that this fails on your system:
23 error     echo "Error: no test specified" && exit 1
23 error You can get information on how to open an issue for this project with:
23 error     npm bugs dota-interactive-map
23 error Or if that isn't available, you can get their info via:
23 error     npm owner ls dota-interactive-map
23 error There is likely additional logging output above.
24 verbose exit [ 1, true ]
